<?xml version="1.0" encoding="UTF-8"?>
<!-- Generated by org.testng.reporters.JUnitReportReporter -->
<testsuite name="testCases.ExecuteTest_Local" tests="1" time="14.087" ignored="0" failures="0" timestamp="30 Nov 2019 06:11:33 GMT" skipped="0" hostname="HIBACL131408" errors="0">
  <testcase name="testLogin" time="14.087" classname="testCases.ExecuteTest_Local"/>
</testsuite> <!-- testCases.ExecuteTest_Local -->
